% mean class accuracy (train set)	
 4.9750e+01	
 6.3376e+01	
 6.8018e+01	
 7.0922e+01	
 7.3212e+01	
 7.5154e+01	
 7.6542e+01	
 7.8032e+01	
 7.9164e+01	
 8.0300e+01	
 8.1166e+01	
 8.1928e+01	
 8.2746e+01	
 8.3420e+01	
 8.4042e+01	
 8.4706e+01	
 8.5372e+01	
 8.5990e+01	
 8.6326e+01	
 8.6496e+01	
 8.6936e+01	
 8.7248e+01	
 8.7558e+01	
 8.7816e+01	
 8.7986e+01	
 8.8392e+01	
 8.8452e+01	
 8.8912e+01	
 8.8936e+01	
 8.8992e+01	
 8.9068e+01	
 8.9332e+01	
 8.9594e+01	
 8.9824e+01	
 8.9790e+01	
 9.0092e+01	
 9.0456e+01	
 9.0306e+01	
 9.0834e+01	
 9.0710e+01	
 9.0778e+01	
 9.0918e+01	
 9.1092e+01	
 9.1360e+01	
 9.1740e+01	
 9.1880e+01	
 9.1982e+01	
 9.2034e+01	
 9.1818e+01	
 9.1552e+01	
 9.1886e+01	
 9.1692e+01	
 9.2286e+01	
 9.2302e+01	
 9.2620e+01	
