% mean class accuracy (train set)	
 3.4392e+01	
 5.0228e+01	
 5.5710e+01	
 5.9330e+01	
 6.1964e+01	
 6.4200e+01	
 6.5956e+01	
 6.7576e+01	
 6.9038e+01	
 7.0176e+01	
 7.1384e+01	
 7.2532e+01	
 7.3378e+01	
 7.4292e+01	
 7.4898e+01	
 7.5520e+01	
 7.6182e+01	
 7.6770e+01	
 7.7338e+01	
 7.7536e+01	
 7.7906e+01	
 7.8616e+01	
 7.8960e+01	
 7.9184e+01	
 7.9502e+01	
 7.9738e+01	
 7.9908e+01	
 8.0204e+01	
 8.0492e+01	
 8.0906e+01	
 8.0900e+01	
 8.1362e+01	
 8.1164e+01	
 8.1352e+01	
 8.1724e+01	
 8.1776e+01	
 8.1978e+01	
 8.2220e+01	
 8.2482e+01	
 8.2426e+01	
 8.2562e+01	
 8.3098e+01	
 8.3142e+01	
 8.3096e+01	
 8.3272e+01	
 8.3258e+01	
 8.3220e+01	
 8.3834e+01	
 8.3526e+01	
 8.3740e+01	
 8.3632e+01	
 8.4096e+01	
 8.3750e+01	
 8.4078e+01	
 8.3750e+01	
 8.4456e+01	
 8.4226e+01	
 8.4432e+01	
 8.4540e+01	
 8.4170e+01	
 8.4584e+01	
 8.4774e+01	
 8.4826e+01	
 8.4336e+01	
 8.5062e+01	
