% mean class accuracy (train set)	
 4.5942e+01	
 5.8354e+01	
 6.2668e+01	
 6.5220e+01	
 6.6668e+01	
 6.7628e+01	
 6.8706e+01	
 6.9250e+01	
 7.0030e+01	
 7.0390e+01	
 7.0766e+01	
 7.1548e+01	
 7.1932e+01	
 7.2300e+01	
 7.2304e+01	
 7.2884e+01	
 7.3116e+01	
 7.3296e+01	
 7.3472e+01	
 7.3882e+01	
 7.4230e+01	
 7.4062e+01	
 7.4266e+01	
 7.4638e+01	
 7.4496e+01	
 7.4682e+01	
 7.4786e+01	
 7.4894e+01	
 7.4846e+01	
 7.4956e+01	
 7.5340e+01	
 7.5364e+01	
 7.5554e+01	
 7.5594e+01	
 7.5646e+01	
 7.5762e+01	
 7.5760e+01	
 7.5954e+01	
 7.6190e+01	
 7.6074e+01	
 7.6012e+01	
 7.6344e+01	
 7.6438e+01	
 7.6286e+01	
 7.6422e+01	
 7.6388e+01	
 7.6556e+01	
 7.6676e+01	
 7.6664e+01	
 7.6664e+01	
 7.6830e+01	
 7.6968e+01	
 7.6716e+01	
 7.6874e+01	
 7.6980e+01	
 7.7162e+01	
 7.6932e+01	
 7.7118e+01	
 7.7008e+01	
 7.6860e+01	
 7.7270e+01	
 7.7018e+01	
 7.6860e+01	
 7.7286e+01	
 7.7310e+01	
 7.7448e+01	
 7.7426e+01	
 7.7256e+01	
 7.7294e+01	
 7.7414e+01	
 7.7412e+01	
 7.7476e+01	
 7.7402e+01	
 7.7340e+01	
 7.7540e+01	
 7.7832e+01	
 7.7710e+01	
 7.7460e+01	
