% mean class accuracy (train set)	
 8.4768e+01	
 8.4436e+01	
 8.4934e+01	
 8.4696e+01	
 8.5122e+01	
 8.5384e+01	
 8.4672e+01	
 8.5036e+01	
 8.5106e+01	
 8.5306e+01	
 8.4896e+01	
 8.5252e+01	
 8.5106e+01	
 8.5520e+01	
 8.5350e+01	
 8.5352e+01	
 8.5230e+01	
 8.5762e+01	
 8.5532e+01	
 8.5534e+01	
 8.5652e+01	
 8.5458e+01	
 8.5736e+01	
 8.5506e+01	
 8.5714e+01	
 8.5768e+01	
 8.5572e+01	
 8.5712e+01	
 8.5998e+01	
 8.5798e+01	
 8.6166e+01	
 8.5770e+01	
 8.5870e+01	
 8.5944e+01	
 8.5716e+01	
 8.5888e+01	
 8.5940e+01	
 8.6164e+01	
 8.5864e+01	
 8.6226e+01	
 8.6192e+01	
 8.6048e+01	
 8.6024e+01	
 8.5782e+01	
 8.6518e+01	
 8.6438e+01	
 8.6524e+01	
 8.5982e+01	
 8.6496e+01	
 8.6298e+01	
 8.6132e+01	
 8.6102e+01	
 8.6384e+01	
 8.6376e+01	
 8.6216e+01	
 8.6180e+01	
 8.6674e+01	
 8.6500e+01	
 8.6660e+01	
 8.6384e+01	
 8.6534e+01	
 8.6686e+01	
 8.6522e+01	
 8.6344e+01	
 8.6410e+01	
 8.6708e+01	
 8.6238e+01	
 8.6456e+01	
 8.6880e+01	
 8.6494e+01	
