% mean class accuracy (train set)	
 2.9144e+01	
 3.8806e+01	
 4.3958e+01	
 4.8020e+01	
 5.1164e+01	
 5.4432e+01	
 5.7134e+01	
 5.9380e+01	
 6.1622e+01	
 6.3716e+01	
 6.5732e+01	
 6.7840e+01	
 6.8936e+01	
 7.0622e+01	
 7.1892e+01	
 7.3082e+01	
 7.4060e+01	
 7.5300e+01	
 7.6156e+01	
 7.8814e+01	
 8.0212e+01	
 8.0818e+01	
 8.1800e+01	
 8.2220e+01	
 8.2876e+01	
 8.3058e+01	
 8.3526e+01	
 8.3976e+01	
 8.4146e+01	
 8.4560e+01	
 8.5128e+01	
 8.5070e+01	
 8.5318e+01	
 8.5594e+01	
 8.6424e+01	
 8.6104e+01	
 8.6818e+01	
 8.6546e+01	
 8.6930e+01	
 8.8426e+01	
 8.8544e+01	
 8.9192e+01	
 8.9448e+01	
 8.9440e+01	
 8.9544e+01	
 9.0112e+01	
 9.0000e+01	
 9.0356e+01	
 9.0696e+01	
 9.0688e+01	
 9.0690e+01	
 9.0724e+01	
 9.0758e+01	
 9.1222e+01	
 9.0846e+01	
 9.1000e+01	
 9.0888e+01	
 9.1312e+01	
 9.1312e+01	
 9.1840e+01	
 9.2104e+01	
 9.2374e+01	
 9.2226e+01	
 9.2314e+01	
 9.2340e+01	
 9.2634e+01	
