% mean class accuracy (train set)	
 6.2826e+01	
 6.2774e+01	
 6.2760e+01	
 6.2834e+01	
 6.3034e+01	
 6.3090e+01	
 6.3164e+01	
 6.3254e+01	
 6.3270e+01	
 6.3238e+01	
 6.3172e+01	
 6.3184e+01	
 6.3240e+01	
 6.3322e+01	
 6.3374e+01	
 6.3300e+01	
 6.3482e+01	
 6.3494e+01	
 6.3492e+01	
 6.3594e+01	
 6.3476e+01	
 6.3640e+01	
 6.3522e+01	
 6.3476e+01	
 6.3462e+01	
 6.3584e+01	
 6.3608e+01	
 6.3492e+01	
 6.3706e+01	
 6.3548e+01	
 6.3710e+01	
 6.3638e+01	
 6.3692e+01	
 6.3686e+01	
 6.3740e+01	
 6.3908e+01	
 6.3868e+01	
 6.3858e+01	
 6.3846e+01	
