% mean class accuracy (train set)	
 6.3942e+01	
 6.3874e+01	
 6.3932e+01	
 6.3856e+01	
 6.3940e+01	
 6.3912e+01	
 6.3868e+01	
 6.3978e+01	
 6.3916e+01	
 6.4042e+01	
 6.4076e+01	
 6.3924e+01	
 6.4004e+01	
 6.4072e+01	
 6.3948e+01	
 6.4038e+01	
 6.4030e+01	
 6.3978e+01	
 6.4166e+01	
 6.4066e+01	
 6.4094e+01	
 6.4148e+01	
 6.4102e+01	
 6.4098e+01	
 6.4132e+01	
 6.4162e+01	
 6.4146e+01	
 6.4176e+01	
 6.4176e+01	
 6.4242e+01	
 6.4192e+01	
 6.4120e+01	
 6.4150e+01	
 6.4122e+01	
 6.4254e+01	
 6.4160e+01	
 6.4068e+01	
 6.4126e+01	
 6.4294e+01	
