% mean class accuracy (train set)	
 6.4116e+01	
 6.4246e+01	
 6.4244e+01	
 6.4284e+01	
 6.4220e+01	
 6.4254e+01	
 6.4264e+01	
 6.4236e+01	
 6.4280e+01	
 6.4386e+01	
 6.4320e+01	
 6.4304e+01	
 6.4202e+01	
 6.4308e+01	
 6.4252e+01	
 6.4346e+01	
 6.4312e+01	
 6.4284e+01	
 6.4304e+01	
 6.4332e+01	
 6.4328e+01	
 6.4346e+01	
 6.4348e+01	
 6.4236e+01	
 6.4412e+01	
 6.4368e+01	
 6.4374e+01	
 6.4448e+01	
 6.4530e+01	
 6.4380e+01	
 6.4492e+01	
 6.4460e+01	
 6.4432e+01	
 6.4450e+01	
 6.4508e+01	
 6.4502e+01	
 6.4452e+01	
 6.4536e+01	
 6.4584e+01	
 6.4580e+01	
 6.4622e+01	
 6.4550e+01	
 6.4586e+01	
 6.4510e+01	
 6.4514e+01	
 6.4546e+01	
 6.4468e+01	
 6.4330e+01	
 6.4448e+01	
 6.4536e+01	
 6.4480e+01	
 6.4466e+01	
 6.4458e+01	
 6.4448e+01	
 6.4502e+01	
 6.4436e+01	
 6.4498e+01	
 6.4422e+01	
 6.4532e+01	
 6.4514e+01	
 6.4580e+01	
 6.4472e+01	
 6.4504e+01	
 6.4538e+01	
 6.4574e+01	
 6.4494e+01	
 6.4610e+01	
 6.4574e+01	
 6.4442e+01	
 6.4486e+01	
 6.4538e+01	
 6.4432e+01	
 6.4516e+01	
 6.4564e+01	
 6.4430e+01	
 6.4492e+01	
 6.4526e+01	
 6.4544e+01	
 6.4646e+01	
 6.4546e+01	
 6.4566e+01	
 6.4558e+01	
 6.4452e+01	
 6.4574e+01	
 6.4506e+01	
 6.4486e+01	
 6.4514e+01	
 6.4536e+01	
 6.4394e+01	
 6.4486e+01	
 6.4494e+01	
 6.4464e+01	
 6.4434e+01	
 6.4430e+01	
 6.4554e+01	
 6.4514e+01	
 6.4534e+01	
 6.4558e+01	
 6.4532e+01	
 6.4582e+01	
 6.4540e+01	
 6.4674e+01	
 6.4606e+01	
 6.4508e+01	
 6.4530e+01	
 6.4608e+01	
 6.4636e+01	
 6.4648e+01	
 6.4610e+01	
 6.4562e+01	
 6.4504e+01	
 6.4650e+01	
 6.4650e+01	
 6.4706e+01	
 6.4694e+01	
 6.4708e+01	
 6.4636e+01	
 6.4622e+01	
 6.4660e+01	
 6.4610e+01	
 6.4582e+01	
 6.4544e+01	
 6.4560e+01	
 6.4674e+01	
 6.4636e+01	
 6.4510e+01	
 6.4548e+01	
 6.4470e+01	
 6.4506e+01	
 6.4482e+01	
 6.4530e+01	
 6.4580e+01	
 6.4602e+01	
 6.4600e+01	
 6.4644e+01	
 6.4610e+01	
 6.4694e+01	
 6.4674e+01	
 6.4666e+01	
 6.4738e+01	
 6.4668e+01	
 6.4756e+01	
 6.4750e+01	
 6.4576e+01	
 6.4636e+01	
 6.4674e+01	
 6.4706e+01	
 6.4668e+01	
 6.4630e+01	
 6.4676e+01	
 6.4762e+01	
 6.4762e+01	
 6.4686e+01	
 6.4792e+01	
 6.4750e+01	
 6.4614e+01	
 6.4584e+01	
 6.4662e+01	
 6.4574e+01	
 6.4718e+01	
 6.4714e+01	
 6.4774e+01	
 6.4724e+01	
 6.4626e+01	
 6.4608e+01	
 6.4756e+01	
 6.4628e+01	
 6.4738e+01	
 6.4790e+01	
 6.4728e+01	
 6.4660e+01	
 6.4734e+01	
 6.4584e+01	
 6.4742e+01	
 6.4812e+01	
 6.4778e+01	
 6.4676e+01	
 6.4692e+01	
 6.4788e+01	
 6.4782e+01	
 6.4780e+01	
 6.4714e+01	
 6.4748e+01	
 6.4790e+01	
 6.4814e+01	
 6.4814e+01	
 6.4746e+01	
 6.4850e+01	
 6.4882e+01	
 6.4820e+01	
 6.4838e+01	
 6.4804e+01	
